[01m[K/home/capstone-nano2/TTT-Capstone-Sensors/tabletennistrainer_ws/src/ttt_calibration/src/table_calibrator_node.cpp:[m[K In constructor ‘[01m[KTableCalibratorNode::TableCalibratorNode()[m[K’:
[01m[K/home/capstone-nano2/TTT-Capstone-Sensors/tabletennistrainer_ws/src/ttt_calibration/src/table_calibrator_node.cpp:28:80:[m[K [01;31m[Kerror: [m[Kno match for ‘[01m[Koperator=[m[K’ (operand types are ‘[01m[Kcv::Ptr<cv::aruco::Dictionary>[m[K’ and ‘[01m[Kcv::aruco::Dictionary[m[K’)
   28 |         aruco_dict_ = cv::aruco::getPredefinedDictionary(cv::aruco::DICT_4X4_50[01;31m[K)[m[K;
      |                                                                                [01;31m[K^[m[K
In file included from [01m[K/usr/include/opencv4/opencv2/core/cvstd.hpp:81[m[K,
                 from [01m[K/usr/include/opencv4/opencv2/core/base.hpp:58[m[K,
                 from [01m[K/usr/include/opencv4/opencv2/core.hpp:53[m[K,
                 from [01m[K/usr/include/opencv4/opencv2/core/core.hpp:48[m[K,
                 from [01m[K/opt/ros/humble/include/cv_bridge/cv_bridge/cv_bridge.h:43[m[K,
                 from [01m[K/home/capstone-nano2/TTT-Capstone-Sensors/tabletennistrainer_ws/src/ttt_calibration/src/table_calibrator_node.cpp:4[m[K:
[01m[K/usr/include/opencv4/opencv2/core/cvstd_wrapper.hpp:122:38:[m[K [01;36m[Knote: [m[Kcandidate: ‘[01m[Ktemplate<class Y> cv::Ptr<T>& cv::Ptr<T>::operator=(const cv::Ptr<Y>&) [with Y = Y; T = cv::aruco::Dictionary][m[K’
  122 |     template<typename Y> inline Ptr& [01;36m[Koperator[m[K=(const Ptr<Y>& o) { std::shared_ptr<T>::operator =(o); return *this; }
      |                                      [01;36m[K^~~~~~~~[m[K
[01m[K/usr/include/opencv4/opencv2/core/cvstd_wrapper.hpp:122:38:[m[K [01;36m[Knote: [m[K  template argument deduction/substitution failed:
[01m[K/home/capstone-nano2/TTT-Capstone-Sensors/tabletennistrainer_ws/src/ttt_calibration/src/table_calibrator_node.cpp:28:80:[m[K [01;36m[Knote: [m[K  ‘[01m[Kcv::aruco::Dictionary[m[K’ is not derived from ‘[01m[Kconst cv::Ptr<_Tp>[m[K’
   28 |         aruco_dict_ = cv::aruco::getPredefinedDictionary(cv::aruco::DICT_4X4_50[01;36m[K)[m[K;
      |                                                                                [01;36m[K^[m[K
In file included from [01m[K/usr/include/opencv4/opencv2/core/cvstd.hpp:81[m[K,
                 from [01m[K/usr/include/opencv4/opencv2/core/base.hpp:58[m[K,
                 from [01m[K/usr/include/opencv4/opencv2/core.hpp:53[m[K,
                 from [01m[K/usr/include/opencv4/opencv2/core/core.hpp:48[m[K,
                 from [01m[K/opt/ros/humble/include/cv_bridge/cv_bridge/cv_bridge.h:43[m[K,
                 from [01m[K/home/capstone-nano2/TTT-Capstone-Sensors/tabletennistrainer_ws/src/ttt_calibration/src/table_calibrator_node.cpp:4[m[K:
[01m[K/usr/include/opencv4/opencv2/core/cvstd_wrapper.hpp:121:10:[m[K [01;36m[Knote: [m[Kcandidate: ‘[01m[Kcv::Ptr<T>& cv::Ptr<T>::operator=(const cv::Ptr<T>&) [with T = cv::aruco::Dictionary][m[K’
  121 |     Ptr& [01;36m[Koperator[m[K=(const Ptr& o) { std::shared_ptr<T>::operator =(o); return *this; }
      |          [01;36m[K^~~~~~~~[m[K
[01m[K/usr/include/opencv4/opencv2/core/cvstd_wrapper.hpp:121:31:[m[K [01;36m[Knote: [m[K  no known conversion for argument 1 from ‘[01m[Kcv::aruco::Dictionary[m[K’ to ‘[01m[Kconst cv::Ptr<cv::aruco::Dictionary>&[m[K’
  121 |     Ptr& operator=([01;36m[Kconst Ptr& o[m[K) { std::shared_ptr<T>::operator =(o); return *this; }
      |                    [01;36m[K~~~~~~~~~~~^[m[K
[01m[K/home/capstone-nano2/TTT-Capstone-Sensors/tabletennistrainer_ws/src/ttt_calibration/src/table_calibrator_node.cpp:29:56:[m[K [01;31m[Kerror: [m[K‘[01m[Kcreate[m[K’ is not a member of ‘[01m[Kcv::aruco::DetectorParameters[m[K’
   29 |         aruco_params_ = cv::aruco::DetectorParameters::[01;31m[Kcreate[m[K();
      |                                                        [01;31m[K^~~~~~[m[K
gmake[2]: *** [CMakeFiles/table_calibrator_node.dir/build.make:76: CMakeFiles/table_calibrator_node.dir/src/table_calibrator_node.cpp.o] Error 1
gmake[1]: *** [CMakeFiles/Makefile2:165: CMakeFiles/table_calibrator_node.dir/all] Error 2
gmake: *** [Makefile:146: all] Error 2
