[0.188s] DEBUG:colcon:Command line arguments: ['/usr/bin/colcon', 'build', '--packages-select', 'ttt_calibration']
[0.188s] DEBUG:colcon:Parsed command line arguments: Namespace(log_base=None, log_level=None, verb_name='build', build_base='build', install_base='install', merge_install=False, symlink_install=False, test_result_base=None, continue_on_error=False, executor='parallel', parallel_workers=6, event_handlers=None, ignore_user_meta=False, metas=['./colcon.meta'], base_paths=['.'], packages_ignore=None, packages_ignore_regex=None, paths=None, packages_up_to=None, packages_up_to_regex=None, packages_above=None, packages_above_and_dependencies=None, packages_above_depth=None, packages_select_by_dep=None, packages_skip_by_dep=None, packages_skip_up_to=None, packages_select_build_failed=False, packages_skip_build_finished=False, packages_select_test_failures=False, packages_skip_test_passed=False, packages_select=['ttt_calibration'], packages_skip=None, packages_select_regex=None, packages_skip_regex=None, packages_start=None, packages_end=None, allow_overriding=[], cmake_args=None, cmake_target=None, cmake_target_skip_unavailable=False, cmake_clean_cache=False, cmake_clean_first=False, cmake_force_configure=False, ament_cmake_args=None, catkin_cmake_args=None, catkin_skip_building_tests=False, verb_parser=<colcon_defaults.argument_parser.defaults.DefaultArgumentsDecorator object at 0xffff823f4940>, verb_extension=<colcon_core.verb.build.BuildVerb object at 0xffff823f4430>, main=<bound method BuildVerb.main of <colcon_core.verb.build.BuildVerb object at 0xffff823f4430>>)
[0.263s] Level 1:colcon.colcon_core.package_discovery:discover_packages(colcon_meta) check parameters
[0.264s] Level 1:colcon.colcon_core.package_discovery:discover_packages(recursive) check parameters
[0.264s] Level 1:colcon.colcon_core.package_discovery:discover_packages(ignore) check parameters
[0.264s] Level 1:colcon.colcon_core.package_discovery:discover_packages(path) check parameters
[0.264s] Level 1:colcon.colcon_core.package_discovery:discover_packages(colcon_meta) discover
[0.264s] Level 1:colcon.colcon_core.package_discovery:discover_packages(recursive) discover
[0.264s] INFO:colcon.colcon_core.package_discovery:Crawling recursively for packages in '/home/capstone-nano2/TTT-Capstone-Sensors/tabletennistrainer_ws/src/ttt_calibration'
[0.264s] Level 1:colcon.colcon_core.package_identification:_identify(.) by extensions ['ignore', 'ignore_ament_install']
[0.265s] Level 1:colcon.colcon_core.package_identification:_identify(.) by extension 'ignore'
[0.265s] Level 1:colcon.colcon_core.package_identification:_identify(.) by extension 'ignore_ament_install'
[0.265s] Level 1:colcon.colcon_core.package_identification:_identify(.) by extensions ['colcon_pkg']
[0.265s] Level 1:colcon.colcon_core.package_identification:_identify(.) by extension 'colcon_pkg'
[0.265s] Level 1:colcon.colcon_core.package_identification:_identify(.) by extensions ['colcon_meta']
[0.265s] Level 1:colcon.colcon_core.package_identification:_identify(.) by extension 'colcon_meta'
[0.265s] Level 1:colcon.colcon_core.package_identification:_identify(.) by extensions ['ros']
[0.265s] Level 1:colcon.colcon_core.package_identification:_identify(.) by extension 'ros'
[0.299s] DEBUG:colcon.colcon_core.package_identification:Package '.' with type 'ros.ament_cmake' and name 'ttt_calibration'
[0.299s] Level 1:colcon.colcon_core.package_discovery:discover_packages(recursive) using defaults
[0.299s] Level 1:colcon.colcon_core.package_discovery:discover_packages(ignore) discover
[0.299s] Level 1:colcon.colcon_core.package_discovery:discover_packages(ignore) using defaults
[0.299s] Level 1:colcon.colcon_core.package_discovery:discover_packages(path) discover
[0.300s] Level 1:colcon.colcon_core.package_discovery:discover_packages(path) using defaults
[0.338s] Level 1:colcon.colcon_core.package_discovery:discover_packages(prefix_path) check parameters
[0.338s] Level 1:colcon.colcon_core.package_discovery:discover_packages(prefix_path) discover
[0.342s] DEBUG:colcon.colcon_installed_package_information.package_discovery:Found 272 installed packages in /opt/ros/humble
[0.344s] Level 1:colcon.colcon_core.package_discovery:discover_packages(prefix_path) using defaults
[0.411s] Level 5:colcon.colcon_core.verb:set package 'ttt_calibration' build argument 'cmake_args' from command line to 'None'
[0.411s] Level 5:colcon.colcon_core.verb:set package 'ttt_calibration' build argument 'cmake_target' from command line to 'None'
[0.412s] Level 5:colcon.colcon_core.verb:set package 'ttt_calibration' build argument 'cmake_target_skip_unavailable' from command line to 'False'
[0.412s] Level 5:colcon.colcon_core.verb:set package 'ttt_calibration' build argument 'cmake_clean_cache' from command line to 'False'
[0.412s] Level 5:colcon.colcon_core.verb:set package 'ttt_calibration' build argument 'cmake_clean_first' from command line to 'False'
[0.412s] Level 5:colcon.colcon_core.verb:set package 'ttt_calibration' build argument 'cmake_force_configure' from command line to 'False'
[0.412s] Level 5:colcon.colcon_core.verb:set package 'ttt_calibration' build argument 'ament_cmake_args' from command line to 'None'
[0.412s] Level 5:colcon.colcon_core.verb:set package 'ttt_calibration' build argument 'catkin_cmake_args' from command line to 'None'
[0.412s] Level 5:colcon.colcon_core.verb:set package 'ttt_calibration' build argument 'catkin_skip_building_tests' from command line to 'False'
[0.412s] DEBUG:colcon.colcon_core.verb:Building package 'ttt_calibration' with the following arguments: {'ament_cmake_args': None, 'build_base': '/home/capstone-nano2/TTT-Capstone-Sensors/tabletennistrainer_ws/src/ttt_calibration/build/ttt_calibration', 'catkin_cmake_args': None, 'catkin_skip_building_tests': False, 'cmake_args': None, 'cmake_clean_cache': False, 'cmake_clean_first': False, 'cmake_force_configure': False, 'cmake_target': None, 'cmake_target_skip_unavailable': False, 'install_base': '/home/capstone-nano2/TTT-Capstone-Sensors/tabletennistrainer_ws/src/ttt_calibration/install/ttt_calibration', 'merge_install': False, 'path': '/home/capstone-nano2/TTT-Capstone-Sensors/tabletennistrainer_ws/src/ttt_calibration', 'symlink_install': False, 'test_result_base': None}
[0.412s] INFO:colcon.colcon_core.executor:Executing jobs using 'parallel' executor
[0.414s] DEBUG:colcon.colcon_parallel_executor.executor.parallel:run_until_complete
[0.415s] INFO:colcon.colcon_ros.task.ament_cmake.build:Building ROS package in '/home/capstone-nano2/TTT-Capstone-Sensors/tabletennistrainer_ws/src/ttt_calibration' with build type 'ament_cmake'
[0.415s] INFO:colcon.colcon_cmake.task.cmake.build:Building CMake package in '/home/capstone-nano2/TTT-Capstone-Sensors/tabletennistrainer_ws/src/ttt_calibration'
[0.419s] INFO:colcon.colcon_core.plugin_system:Skipping extension 'colcon_core.shell.bat': Not used on non-Windows systems
[0.419s] INFO:colcon.colcon_core.shell:Skip shell extension 'powershell' for command environment: Not usable outside of PowerShell
[0.419s] DEBUG:colcon.colcon_core.shell:Skip shell extension 'dsv' for command environment
[0.435s] DEBUG:colcon.colcon_core.event_handler.log_command:Invoking command in '/home/capstone-nano2/TTT-Capstone-Sensors/tabletennistrainer_ws/src/ttt_calibration/build/ttt_calibration': CMAKE_PREFIX_PATH=/opt/ros/humble /usr/bin/cmake --build /home/capstone-nano2/TTT-Capstone-Sensors/tabletennistrainer_ws/src/ttt_calibration/build/ttt_calibration -- -j6 -l6
[16.280s] DEBUG:colcon.colcon_core.event_handler.log_command:Invoked command in '/home/capstone-nano2/TTT-Capstone-Sensors/tabletennistrainer_ws/src/ttt_calibration/build/ttt_calibration' returned '2': CMAKE_PREFIX_PATH=/opt/ros/humble /usr/bin/cmake --build /home/capstone-nano2/TTT-Capstone-Sensors/tabletennistrainer_ws/src/ttt_calibration/build/ttt_calibration -- -j6 -l6
[16.282s] Level 1:colcon.colcon_core.environment:create_environment_scripts_only(ttt_calibration)
[16.288s] Level 1:colcon.colcon_core.environment:checking '/home/capstone-nano2/TTT-Capstone-Sensors/tabletennistrainer_ws/src/ttt_calibration/install/ttt_calibration' for CMake module files
[16.289s] Level 1:colcon.colcon_core.environment:checking '/home/capstone-nano2/TTT-Capstone-Sensors/tabletennistrainer_ws/src/ttt_calibration/install/ttt_calibration' for CMake config files
[16.290s] Level 1:colcon.colcon_core.environment:checking '/home/capstone-nano2/TTT-Capstone-Sensors/tabletennistrainer_ws/src/ttt_calibration/install/ttt_calibration/bin'
[16.290s] Level 1:colcon.colcon_core.environment:checking '/home/capstone-nano2/TTT-Capstone-Sensors/tabletennistrainer_ws/src/ttt_calibration/install/ttt_calibration/lib/pkgconfig/ttt_calibration.pc'
[16.291s] Level 1:colcon.colcon_core.environment:checking '/home/capstone-nano2/TTT-Capstone-Sensors/tabletennistrainer_ws/src/ttt_calibration/install/ttt_calibration/lib/python3.10/site-packages'
[16.292s] Level 1:colcon.colcon_core.environment:checking '/home/capstone-nano2/TTT-Capstone-Sensors/tabletennistrainer_ws/src/ttt_calibration/install/ttt_calibration/bin'
[16.292s] INFO:colcon.colcon_core.shell:Creating package script '/home/capstone-nano2/TTT-Capstone-Sensors/tabletennistrainer_ws/src/ttt_calibration/install/ttt_calibration/share/ttt_calibration/package.ps1'
[16.296s] INFO:colcon.colcon_core.shell:Creating package descriptor '/home/capstone-nano2/TTT-Capstone-Sensors/tabletennistrainer_ws/src/ttt_calibration/install/ttt_calibration/share/ttt_calibration/package.dsv'
[16.298s] INFO:colcon.colcon_core.shell:Creating package script '/home/capstone-nano2/TTT-Capstone-Sensors/tabletennistrainer_ws/src/ttt_calibration/install/ttt_calibration/share/ttt_calibration/package.sh'
[16.300s] INFO:colcon.colcon_core.shell:Creating package script '/home/capstone-nano2/TTT-Capstone-Sensors/tabletennistrainer_ws/src/ttt_calibration/install/ttt_calibration/share/ttt_calibration/package.bash'
[16.302s] INFO:colcon.colcon_core.shell:Creating package script '/home/capstone-nano2/TTT-Capstone-Sensors/tabletennistrainer_ws/src/ttt_calibration/install/ttt_calibration/share/ttt_calibration/package.zsh'
[16.304s] Level 1:colcon.colcon_core.environment:create_file_with_runtime_dependencies(/home/capstone-nano2/TTT-Capstone-Sensors/tabletennistrainer_ws/src/ttt_calibration/install/ttt_calibration/share/colcon-core/packages/ttt_calibration)
[16.305s] DEBUG:colcon.colcon_parallel_executor.executor.parallel:closing loop
[16.306s] DEBUG:colcon.colcon_parallel_executor.executor.parallel:loop closed
[16.307s] DEBUG:colcon.colcon_parallel_executor.executor.parallel:run_until_complete finished with '2'
[16.307s] DEBUG:colcon.colcon_core.event_reactor:joining thread
[16.326s] INFO:colcon.colcon_core.plugin_system:Skipping extension 'colcon_notification.desktop_notification.terminal_notifier': Not used on non-Darwin systems
[16.326s] INFO:colcon.colcon_core.plugin_system:Skipping extension 'colcon_notification.desktop_notification.win32': Not used on non-Windows systems
[16.327s] INFO:colcon.colcon_notification.desktop_notification:Sending desktop notification using 'notify2'
[16.375s] DEBUG:colcon.colcon_core.event_reactor:joined thread
[16.377s] INFO:colcon.colcon_core.shell:Creating prefix script '/home/capstone-nano2/TTT-Capstone-Sensors/tabletennistrainer_ws/src/ttt_calibration/install/local_setup.ps1'
[16.382s] INFO:colcon.colcon_core.shell:Creating prefix util module '/home/capstone-nano2/TTT-Capstone-Sensors/tabletennistrainer_ws/src/ttt_calibration/install/_local_setup_util_ps1.py'
[16.387s] INFO:colcon.colcon_core.shell:Creating prefix chain script '/home/capstone-nano2/TTT-Capstone-Sensors/tabletennistrainer_ws/src/ttt_calibration/install/setup.ps1'
[16.390s] INFO:colcon.colcon_core.shell:Creating prefix script '/home/capstone-nano2/TTT-Capstone-Sensors/tabletennistrainer_ws/src/ttt_calibration/install/local_setup.sh'
[16.391s] INFO:colcon.colcon_core.shell:Creating prefix util module '/home/capstone-nano2/TTT-Capstone-Sensors/tabletennistrainer_ws/src/ttt_calibration/install/_local_setup_util_sh.py'
[16.392s] INFO:colcon.colcon_core.shell:Creating prefix chain script '/home/capstone-nano2/TTT-Capstone-Sensors/tabletennistrainer_ws/src/ttt_calibration/install/setup.sh'
[16.394s] INFO:colcon.colcon_core.shell:Creating prefix script '/home/capstone-nano2/TTT-Capstone-Sensors/tabletennistrainer_ws/src/ttt_calibration/install/local_setup.bash'
[16.395s] INFO:colcon.colcon_core.shell:Creating prefix chain script '/home/capstone-nano2/TTT-Capstone-Sensors/tabletennistrainer_ws/src/ttt_calibration/install/setup.bash'
[16.399s] INFO:colcon.colcon_core.shell:Creating prefix script '/home/capstone-nano2/TTT-Capstone-Sensors/tabletennistrainer_ws/src/ttt_calibration/install/local_setup.zsh'
[16.401s] INFO:colcon.colcon_core.shell:Creating prefix chain script '/home/capstone-nano2/TTT-Capstone-Sensors/tabletennistrainer_ws/src/ttt_calibration/install/setup.zsh'
