-- The C compiler identification is GNU 11.4.0
-- The CXX compiler identification is GNU 11.4.0
-- Detecting C compiler ABI info
-- Detecting C compiler ABI info - done
-- Check for working C compiler: /usr/bin/cc - skipped
-- Detecting C compile features
-- Detecting C compile features - done
-- Detecting CXX compiler ABI info
-- Detecting CXX compiler ABI info - done
-- Check for working CXX compiler: /usr/bin/c++ - skipped
-- Detecting CXX compile features
-- Detecting CXX compile features - done
-- Found ament_cmake: 1.3.13 (/opt/ros/humble/share/ament_cmake/cmake)
-- Found Python3: /usr/bin/python3 (found version "3.10.12") found components: Interpreter 
-- Found rclcpp: 16.0.18 (/opt/ros/humble/share/rclcpp/cmake)
-- Found rosidl_generator_c: 3.1.8 (/opt/ros/humble/share/rosidl_generator_c/cmake)
-- Found rosidl_adapter: 3.1.8 (/opt/ros/humble/share/rosidl_adapter/cmake)
-- Found rosidl_generator_cpp: 3.1.8 (/opt/ros/humble/share/rosidl_generator_cpp/cmake)
-- Using all available rosidl_typesupport_c: rosidl_typesupport_fastrtps_c;rosidl_typesupport_introspection_c
-- Using all available rosidl_typesupport_cpp: rosidl_typesupport_fastrtps_cpp;rosidl_typesupport_introspection_cpp
-- Found rmw_implementation_cmake: 6.1.2 (/opt/ros/humble/share/rmw_implementation_cmake/cmake)
-- Found rmw_fastrtps_cpp: 6.2.10 (/opt/ros/humble/share/rmw_fastrtps_cpp/cmake)
-- Found OpenSSL: /usr/lib/aarch64-linux-gnu/libcrypto.so (found version "3.0.2")  
-- Found FastRTPS: /opt/ros/humble/include  
-- Using RMW implementation 'rmw_fastrtps_cpp' as default
-- Looking for pthread.h
-- Looking for pthread.h - found
-- Performing Test CMAKE_HAVE_LIBC_PTHREAD
-- Performing Test CMAKE_HAVE_LIBC_PTHREAD - Success
-- Found Threads: TRUE  
-- Found sensor_msgs: 4.9.1 (/opt/ros/humble/share/sensor_msgs/cmake)
-- Found tf2_ros: 0.25.19 (/opt/ros/humble/share/tf2_ros/cmake)
-- Found tf2_geometry_msgs: 0.25.19 (/opt/ros/humble/share/tf2_geometry_msgs/cmake)
-- Found eigen3_cmake_module: 0.1.1 (/opt/ros/humble/share/eigen3_cmake_module/cmake)
-- Found Eigen3: TRUE (found version "3.4.0") 
-- Ensuring Eigen3 include directory is part of orocos-kdl CMake target
-- Found cv_bridge: 3.2.1 (/opt/ros/humble/share/cv_bridge/cmake)
-- Found CUDA: /usr/local/cuda (found suitable exact version "12.6") 
-- Found OpenCV: /usr (found version "4.10.0") 
-- Configuring done
-- Generating done
-- Build files have been written to: /home/capstone-nano2/TTT-Capstone-Sensors/tabletennistrainer_ws/src/ttt_calibration/build/ttt_calibration
[ 50%] [32mBuilding CXX object CMakeFiles/table_calibrator_node.dir/src/table_calibrator_node.cpp.o[0m
[ 50%] [32mBuilding CXX object CMakeFiles/tf_broadcaster_node.dir/src/tf_broadcaster_node.cpp.o[0m
[01m[K/home/capstone-nano2/TTT-Capstone-Sensors/tabletennistrainer_ws/src/ttt_calibration/src/table_calibrator_node.cpp:[m[K In constructor ‘[01m[KTableCalibratorNode::TableCalibratorNode()[m[K’:
[01m[K/home/capstone-nano2/TTT-Capstone-Sensors/tabletennistrainer_ws/src/ttt_calibration/src/table_calibrator_node.cpp:28:80:[m[K [01;31m[Kerror: [m[Kno match for ‘[01m[Koperator=[m[K’ (operand types are ‘[01m[Kcv::Ptr<cv::aruco::Dictionary>[m[K’ and ‘[01m[Kcv::aruco::Dictionary[m[K’)
   28 |         aruco_dict_ = cv::aruco::getPredefinedDictionary(cv::aruco::DICT_4X4_50[01;31m[K)[m[K;
      |                                                                                [01;31m[K^[m[K
In file included from [01m[K/usr/include/opencv4/opencv2/core/cvstd.hpp:81[m[K,
                 from [01m[K/usr/include/opencv4/opencv2/core/base.hpp:58[m[K,
                 from [01m[K/usr/include/opencv4/opencv2/core.hpp:53[m[K,
                 from [01m[K/usr/include/opencv4/opencv2/core/core.hpp:48[m[K,
                 from [01m[K/opt/ros/humble/include/cv_bridge/cv_bridge/cv_bridge.h:43[m[K,
                 from [01m[K/home/capstone-nano2/TTT-Capstone-Sensors/tabletennistrainer_ws/src/ttt_calibration/src/table_calibrator_node.cpp:4[m[K:
[01m[K/usr/include/opencv4/opencv2/core/cvstd_wrapper.hpp:122:38:[m[K [01;36m[Knote: [m[Kcandidate: ‘[01m[Ktemplate<class Y> cv::Ptr<T>& cv::Ptr<T>::operator=(const cv::Ptr<Y>&) [with Y = Y; T = cv::aruco::Dictionary][m[K’
  122 |     template<typename Y> inline Ptr& [01;36m[Koperator[m[K=(const Ptr<Y>& o) { std::shared_ptr<T>::operator =(o); return *this; }
      |                                      [01;36m[K^~~~~~~~[m[K
[01m[K/usr/include/opencv4/opencv2/core/cvstd_wrapper.hpp:122:38:[m[K [01;36m[Knote: [m[K  template argument deduction/substitution failed:
[01m[K/home/capstone-nano2/TTT-Capstone-Sensors/tabletennistrainer_ws/src/ttt_calibration/src/table_calibrator_node.cpp:28:80:[m[K [01;36m[Knote: [m[K  ‘[01m[Kcv::aruco::Dictionary[m[K’ is not derived from ‘[01m[Kconst cv::Ptr<_Tp>[m[K’
   28 |         aruco_dict_ = cv::aruco::getPredefinedDictionary(cv::aruco::DICT_4X4_50[01;36m[K)[m[K;
      |                                                                                [01;36m[K^[m[K
In file included from [01m[K/usr/include/opencv4/opencv2/core/cvstd.hpp:81[m[K,
                 from [01m[K/usr/include/opencv4/opencv2/core/base.hpp:58[m[K,
                 from [01m[K/usr/include/opencv4/opencv2/core.hpp:53[m[K,
                 from [01m[K/usr/include/opencv4/opencv2/core/core.hpp:48[m[K,
                 from [01m[K/opt/ros/humble/include/cv_bridge/cv_bridge/cv_bridge.h:43[m[K,
                 from [01m[K/home/capstone-nano2/TTT-Capstone-Sensors/tabletennistrainer_ws/src/ttt_calibration/src/table_calibrator_node.cpp:4[m[K:
[01m[K/usr/include/opencv4/opencv2/core/cvstd_wrapper.hpp:121:10:[m[K [01;36m[Knote: [m[Kcandidate: ‘[01m[Kcv::Ptr<T>& cv::Ptr<T>::operator=(const cv::Ptr<T>&) [with T = cv::aruco::Dictionary][m[K’
  121 |     Ptr& [01;36m[Koperator[m[K=(const Ptr& o) { std::shared_ptr<T>::operator =(o); return *this; }
      |          [01;36m[K^~~~~~~~[m[K
[01m[K/usr/include/opencv4/opencv2/core/cvstd_wrapper.hpp:121:31:[m[K [01;36m[Knote: [m[K  no known conversion for argument 1 from ‘[01m[Kcv::aruco::Dictionary[m[K’ to ‘[01m[Kconst cv::Ptr<cv::aruco::Dictionary>&[m[K’
  121 |     Ptr& operator=([01;36m[Kconst Ptr& o[m[K) { std::shared_ptr<T>::operator =(o); return *this; }
      |                    [01;36m[K~~~~~~~~~~~^[m[K
[01m[K/home/capstone-nano2/TTT-Capstone-Sensors/tabletennistrainer_ws/src/ttt_calibration/src/table_calibrator_node.cpp:29:56:[m[K [01;31m[Kerror: [m[K‘[01m[Kcreate[m[K’ is not a member of ‘[01m[Kcv::aruco::DetectorParameters[m[K’
   29 |         aruco_params_ = cv::aruco::DetectorParameters::[01;31m[Kcreate[m[K();
      |                                                        [01;31m[K^~~~~~[m[K
[ 75%] [32m[1mLinking CXX executable tf_broadcaster_node[0m
[ 75%] Built target tf_broadcaster_node
gmake[2]: *** [CMakeFiles/table_calibrator_node.dir/build.make:76: CMakeFiles/table_calibrator_node.dir/src/table_calibrator_node.cpp.o] Error 1
gmake[1]: *** [CMakeFiles/Makefile2:165: CMakeFiles/table_calibrator_node.dir/all] Error 2
gmake: *** [Makefile:146: all] Error 2
