[0.013s] Invoking command in '/home/capstone-nano2/TTT-Capstone-Sensors/tabletennistrainer_ws/src/ttt_calibration/build/ttt_calibration': CMAKE_PREFIX_PATH=/opt/ros/humble /usr/bin/cmake /home/capstone-nano2/TTT-Capstone-Sensors/tabletennistrainer_ws/src/ttt_calibration -DCMAKE_INSTALL_PREFIX=/home/capstone-nano2/TTT-Capstone-Sensors/tabletennistrainer_ws/src/ttt_calibration/install/ttt_calibration
[0.101s] -- The C compiler identification is GNU 11.4.0
[0.213s] -- The CXX compiler identification is GNU 11.4.0
[0.235s] -- Detecting C compiler ABI info
[0.386s] -- Detecting C compiler ABI info - done
[0.411s] -- Check for working C compiler: /usr/bin/cc - skipped
[0.411s] -- Detecting C compile features
[0.412s] -- Detecting C compile features - done
[0.422s] -- Detecting CXX compiler ABI info
[0.583s] -- Detecting CXX compiler ABI info - done
[0.605s] -- Check for working CXX compiler: /usr/bin/c++ - skipped
[0.606s] -- Detecting CXX compile features
[0.608s] -- Detecting CXX compile features - done
[0.615s] -- Found ament_cmake: 1.3.13 (/opt/ros/humble/share/ament_cmake/cmake)
[1.370s] -- Found Python3: /usr/bin/python3 (found version "3.10.12") found components: Interpreter 
[1.568s] -- Found rclcpp: 16.0.18 (/opt/ros/humble/share/rclcpp/cmake)
[1.648s] -- Found rosidl_generator_c: 3.1.8 (/opt/ros/humble/share/rosidl_generator_c/cmake)
[1.654s] -- Found rosidl_adapter: 3.1.8 (/opt/ros/humble/share/rosidl_adapter/cmake)
[1.666s] -- Found rosidl_generator_cpp: 3.1.8 (/opt/ros/humble/share/rosidl_generator_cpp/cmake)
[1.684s] -- Using all available rosidl_typesupport_c: rosidl_typesupport_fastrtps_c;rosidl_typesupport_introspection_c
[1.709s] -- Using all available rosidl_typesupport_cpp: rosidl_typesupport_fastrtps_cpp;rosidl_typesupport_introspection_cpp
[1.772s] -- Found rmw_implementation_cmake: 6.1.2 (/opt/ros/humble/share/rmw_implementation_cmake/cmake)
[1.775s] -- Found rmw_fastrtps_cpp: 6.2.10 (/opt/ros/humble/share/rmw_fastrtps_cpp/cmake)
[1.901s] -- Found OpenSSL: /usr/lib/aarch64-linux-gnu/libcrypto.so (found version "3.0.2")  
[1.962s] -- Found FastRTPS: /opt/ros/humble/include  
[2.029s] -- Using RMW implementation 'rmw_fastrtps_cpp' as default
[2.041s] -- Looking for pthread.h
[2.175s] -- Looking for pthread.h - found
[2.176s] -- Performing Test CMAKE_HAVE_LIBC_PTHREAD
[2.343s] -- Performing Test CMAKE_HAVE_LIBC_PTHREAD - Success
[2.346s] -- Found Threads: TRUE  
[2.469s] -- Found sensor_msgs: 4.9.1 (/opt/ros/humble/share/sensor_msgs/cmake)
[2.519s] -- Found tf2_ros: 0.25.19 (/opt/ros/humble/share/tf2_ros/cmake)
[2.669s] -- Found tf2_geometry_msgs: 0.25.19 (/opt/ros/humble/share/tf2_geometry_msgs/cmake)
[2.688s] -- Found eigen3_cmake_module: 0.1.1 (/opt/ros/humble/share/eigen3_cmake_module/cmake)
[2.691s] -- Found Eigen3: TRUE (found version "3.4.0") 
[2.691s] -- Ensuring Eigen3 include directory is part of orocos-kdl CMake target
[2.694s] -- Found cv_bridge: 3.2.1 (/opt/ros/humble/share/cv_bridge/cmake)
[2.756s] -- Found CUDA: /usr/local/cuda (found suitable exact version "12.6") 
[2.786s] -- Found OpenCV: /usr (found version "4.10.0") 
[2.914s] -- Configuring done
[2.957s] -- Generating done
[2.971s] -- Build files have been written to: /home/capstone-nano2/TTT-Capstone-Sensors/tabletennistrainer_ws/src/ttt_calibration/build/ttt_calibration
[3.004s] Invoked command in '/home/capstone-nano2/TTT-Capstone-Sensors/tabletennistrainer_ws/src/ttt_calibration/build/ttt_calibration' returned '0': CMAKE_PREFIX_PATH=/opt/ros/humble /usr/bin/cmake /home/capstone-nano2/TTT-Capstone-Sensors/tabletennistrainer_ws/src/ttt_calibration -DCMAKE_INSTALL_PREFIX=/home/capstone-nano2/TTT-Capstone-Sensors/tabletennistrainer_ws/src/ttt_calibration/install/ttt_calibration
[3.010s] Invoking command in '/home/capstone-nano2/TTT-Capstone-Sensors/tabletennistrainer_ws/src/ttt_calibration/build/ttt_calibration': CMAKE_PREFIX_PATH=/opt/ros/humble /usr/bin/cmake --build /home/capstone-nano2/TTT-Capstone-Sensors/tabletennistrainer_ws/src/ttt_calibration/build/ttt_calibration -- -j6 -l6
[3.121s] [ 50%] [32mBuilding CXX object CMakeFiles/table_calibrator_node.dir/src/table_calibrator_node.cpp.o[0m
[3.121s] [ 50%] [32mBuilding CXX object CMakeFiles/tf_broadcaster_node.dir/src/tf_broadcaster_node.cpp.o[0m
[10.557s] [01m[K/home/capstone-nano2/TTT-Capstone-Sensors/tabletennistrainer_ws/src/ttt_calibration/src/table_calibrator_node.cpp:[m[K In constructor ‘[01m[KTableCalibratorNode::TableCalibratorNode()[m[K’:
[10.557s] [01m[K/home/capstone-nano2/TTT-Capstone-Sensors/tabletennistrainer_ws/src/ttt_calibration/src/table_calibrator_node.cpp:28:80:[m[K [01;31m[Kerror: [m[Kno match for ‘[01m[Koperator=[m[K’ (operand types are ‘[01m[Kcv::Ptr<cv::aruco::Dictionary>[m[K’ and ‘[01m[Kcv::aruco::Dictionary[m[K’)
[10.557s]    28 |         aruco_dict_ = cv::aruco::getPredefinedDictionary(cv::aruco::DICT_4X4_50[01;31m[K)[m[K;
[10.557s]       |                                                                                [01;31m[K^[m[K
[10.558s] In file included from [01m[K/usr/include/opencv4/opencv2/core/cvstd.hpp:81[m[K,
[10.558s]                  from [01m[K/usr/include/opencv4/opencv2/core/base.hpp:58[m[K,
[10.558s]                  from [01m[K/usr/include/opencv4/opencv2/core.hpp:53[m[K,
[10.558s]                  from [01m[K/usr/include/opencv4/opencv2/core/core.hpp:48[m[K,
[10.558s]                  from [01m[K/opt/ros/humble/include/cv_bridge/cv_bridge/cv_bridge.h:43[m[K,
[10.558s]                  from [01m[K/home/capstone-nano2/TTT-Capstone-Sensors/tabletennistrainer_ws/src/ttt_calibration/src/table_calibrator_node.cpp:4[m[K:
[10.558s] [01m[K/usr/include/opencv4/opencv2/core/cvstd_wrapper.hpp:122:38:[m[K [01;36m[Knote: [m[Kcandidate: ‘[01m[Ktemplate<class Y> cv::Ptr<T>& cv::Ptr<T>::operator=(const cv::Ptr<Y>&) [with Y = Y; T = cv::aruco::Dictionary][m[K’
[10.558s]   122 |     template<typename Y> inline Ptr& [01;36m[Koperator[m[K=(const Ptr<Y>& o) { std::shared_ptr<T>::operator =(o); return *this; }
[10.558s]       |                                      [01;36m[K^~~~~~~~[m[K
[10.558s] [01m[K/usr/include/opencv4/opencv2/core/cvstd_wrapper.hpp:122:38:[m[K [01;36m[Knote: [m[K  template argument deduction/substitution failed:
[10.559s] [01m[K/home/capstone-nano2/TTT-Capstone-Sensors/tabletennistrainer_ws/src/ttt_calibration/src/table_calibrator_node.cpp:28:80:[m[K [01;36m[Knote: [m[K  ‘[01m[Kcv::aruco::Dictionary[m[K’ is not derived from ‘[01m[Kconst cv::Ptr<_Tp>[m[K’
[10.559s]    28 |         aruco_dict_ = cv::aruco::getPredefinedDictionary(cv::aruco::DICT_4X4_50[01;36m[K)[m[K;
[10.559s]       |                                                                                [01;36m[K^[m[K
[10.559s] In file included from [01m[K/usr/include/opencv4/opencv2/core/cvstd.hpp:81[m[K,
[10.559s]                  from [01m[K/usr/include/opencv4/opencv2/core/base.hpp:58[m[K,
[10.559s]                  from [01m[K/usr/include/opencv4/opencv2/core.hpp:53[m[K,
[10.559s]                  from [01m[K/usr/include/opencv4/opencv2/core/core.hpp:48[m[K,
[10.559s]                  from [01m[K/opt/ros/humble/include/cv_bridge/cv_bridge/cv_bridge.h:43[m[K,
[10.559s]                  from [01m[K/home/capstone-nano2/TTT-Capstone-Sensors/tabletennistrainer_ws/src/ttt_calibration/src/table_calibrator_node.cpp:4[m[K:
[10.559s] [01m[K/usr/include/opencv4/opencv2/core/cvstd_wrapper.hpp:121:10:[m[K [01;36m[Knote: [m[Kcandidate: ‘[01m[Kcv::Ptr<T>& cv::Ptr<T>::operator=(const cv::Ptr<T>&) [with T = cv::aruco::Dictionary][m[K’
[10.560s]   121 |     Ptr& [01;36m[Koperator[m[K=(const Ptr& o) { std::shared_ptr<T>::operator =(o); return *this; }
[10.560s]       |          [01;36m[K^~~~~~~~[m[K
[10.560s] [01m[K/usr/include/opencv4/opencv2/core/cvstd_wrapper.hpp:121:31:[m[K [01;36m[Knote: [m[K  no known conversion for argument 1 from ‘[01m[Kcv::aruco::Dictionary[m[K’ to ‘[01m[Kconst cv::Ptr<cv::aruco::Dictionary>&[m[K’
[10.560s]   121 |     Ptr& operator=([01;36m[Kconst Ptr& o[m[K) { std::shared_ptr<T>::operator =(o); return *this; }
[10.560s]       |                    [01;36m[K~~~~~~~~~~~^[m[K
[10.560s] [01m[K/home/capstone-nano2/TTT-Capstone-Sensors/tabletennistrainer_ws/src/ttt_calibration/src/table_calibrator_node.cpp:29:56:[m[K [01;31m[Kerror: [m[K‘[01m[Kcreate[m[K’ is not a member of ‘[01m[Kcv::aruco::DetectorParameters[m[K’
[10.560s]    29 |         aruco_params_ = cv::aruco::DetectorParameters::[01;31m[Kcreate[m[K();
[10.560s]       |                                                        [01;31m[K^~~~~~[m[K
[11.364s] [ 75%] [32m[1mLinking CXX executable tf_broadcaster_node[0m
[11.743s] [ 75%] Built target tf_broadcaster_node
[18.727s] gmake[2]: *** [CMakeFiles/table_calibrator_node.dir/build.make:76: CMakeFiles/table_calibrator_node.dir/src/table_calibrator_node.cpp.o] Error 1
[18.728s] gmake[1]: *** [CMakeFiles/Makefile2:165: CMakeFiles/table_calibrator_node.dir/all] Error 2
[18.728s] gmake: *** [Makefile:146: all] Error 2
[18.734s] Invoked command in '/home/capstone-nano2/TTT-Capstone-Sensors/tabletennistrainer_ws/src/ttt_calibration/build/ttt_calibration' returned '2': CMAKE_PREFIX_PATH=/opt/ros/humble /usr/bin/cmake --build /home/capstone-nano2/TTT-Capstone-Sensors/tabletennistrainer_ws/src/ttt_calibration/build/ttt_calibration -- -j6 -l6
